********************************************************************************
DUPLICATOR-LITE PACKAGE-LOG: 02.04.2024 08:09
NOTICE: Do NOT post to public sites or forums 
********************************************************************************
VERSION:	1.5.8.1
WORDPRESS:	6.4.3
PHP INFO:	8.2.0 | SAPI: apache2handler
SERVER:		Apache/2.4.54 (Unix) mod_fastcgi/mod_fastcgi-SNAP-0910052141 PHP/8.2.0 OpenSSL/1.0.2u mod_wsgi/3.5 Python/2.7.18 
PHP TIME LIMIT: (0) no time limit imposed 
PHP MAX MEMORY: 4294967296 (128M default) 
MEMORY STACK: 97MB

********************************************************************************
DATABASE:
********************************************************************************
BUILD MODE:   PHP(query limit - 100)
MYSQLTIMEOUT: 5000
MYSQLDUMP:    Is Supported
TABLES: total:47 | filtered:0 | create:47
FILTERED: []
SQL CREATED: 20240402_piczczeriyavenecziya_3604d94d39da770c4878_20240402080904_database.sql
SQL FILE SIZE: 3.14MB (3288110)
SQL FILE TIME: 2024-04-02 08:09:15
SQL RUNTIME: 1.05 sec.

********************************************************************************
ARCHIVE (ZIP):
********************************************************************************
ARCHIVE DIR:  /Users/gamletel/Sites/7147
ARCHIVE FILE: 20240402_piczczeriyavenecziya_3604d94d39da770c4878_20240402080904_archive.zip
FILTERS: *OFF*
DIRS:
	not set
FILES:
	not set
EXTS:  not set
----------------------------------------
COMPRESSING
SIZE:	200.67MB
STATS:	Dirs 1,548 | Files 10,081
SQL ADDED: 20240402_piczczeriyavenecziya_3604d94d39da770c4878_20240402080904_database.sql
ZipArchive Object
(
    [lastId] => 11628
    [status] => 0
    [statusSys] => 0
    [numFiles] => 11629
    [filename] => /Users/gamletel/Sites/7147/wp-content/backups-dup-lite/tmp/20240402_piczczeriyavenecziya_3604d94d39da770c4878_20240402080904_archive.zip
    [comment] => 
)

FILE ADDED TO ZIP: 11628
COMPRESSION RESULT: '1'
COMPRESSED SIZE: 99.7MB
ARCHIVE RUNTIME: 23.48 sec.
MEMORY STACK: 101MB
building installer
ПРОВЕРКА АРХИВА НА ЦЕЛОСТНОСТЬ: НЕ ПРОЙДЕНА

********************************************************************************
INTEGRITY CHECKS:
********************************************************************************
SQL FILE: 3.14MB
INSTALLER FILE: 73.49KB
ARCHIVE FILE: 101.67MB 
ОЖИДАЕМОЕ КОЛИЧЕСТВО ФАЙЛОВ/КАТОЛОГ: 11,629
ФАКТИЧЕСКОЕ КОЛИЧЕСТВО ФАЙЛОВ/КАТАЛОГОВ: 11,628
ТЕСТ ЛОГИКИ АРХИВА: Пройден

********************************************************************************
RECORD ID:[1]
TOTAL PROCESS RUNTIME: 30.47 sec.
PEAK PHP MEMORY USED: 103MB
DONE PROCESSING => 20240402_piczczeriyavenecziya 02.04.2024 08:09

